\BOOKMARK [1][-]{section.1}{\376\377\000S\000e\000t\000s\000,\000\040\000S\000p\000a\000c\000e\000s\000\040\000a\000n\000d\000\040\000F\000u\000n\000c\000t\000i\000o\000n}{}% 1
\BOOKMARK [2][-]{subsection.1.1}{\376\377\000M\000e\000t\000r\000i\000c\000\040\000S\000p\000a\000c\000e}{section.1}% 2
\BOOKMARK [2][-]{subsection.1.2}{\376\377\000N\000o\000r\000m\000e\000d\000\040\000V\000e\000c\000t\000o\000r\000\040\000S\000p\000a\000c\000e\000s}{section.1}% 3
\BOOKMARK [2][-]{subsection.1.3}{\376\377\000T\000h\000e\000\040\000r\000e\000v\000e\000r\000s\000e\000\040\000t\000r\000i\000a\000n\000g\000l\000e\000\040\000i\000n\000e\000q\000u\000a\000l\000i\000t\000y}{section.1}% 4
\BOOKMARK [1][-]{section.2}{\376\377\000R\000e\000a\000l\000\040\000N\000u\000m\000b\000e\000r\000s}{}% 5
\BOOKMARK [2][-]{subsection.2.1}{\376\377\000W\000h\000a\000t\000\040\000a\000r\000e\000\040\000t\000h\000e\000\040\000r\000e\000a\000l\000\040\000n\000u\000m\000b\000e\000r\000s\000?}{section.2}% 6
\BOOKMARK [2][-]{subsection.2.2}{\376\377\000T\000h\000e\000\040\000c\000o\000m\000p\000l\000e\000t\000e\000n\000e\000s\000s\000\040\000a\000x\000i\000o\000m}{section.2}% 7
\BOOKMARK [2][-]{subsection.2.3}{\376\377\000A\000l\000t\000e\000r\000n\000a\000t\000i\000v\000e\000\040\000c\000h\000a\000r\000a\000c\000t\000e\000r\000i\000z\000a\000t\000i\000o\000n\000s\000\040\000o\000f\000\040\000s\000u\000p\000r\000e\000m\000a\000\040\000a\000n\000d\000\040\000i\000n\000f\000i\000m\000a}{section.2}% 8
\BOOKMARK [2][-]{subsection.2.4}{\376\377\000M\000a\000x\000i\000m\000a\000\040\000a\000n\000d\000\040\000m\000i\000n\000i\000m\000a}{section.2}% 9
\BOOKMARK [2][-]{subsection.2.5}{\376\377\000T\000h\000e\000\040\000A\000r\000c\000h\000i\000m\000e\000d\000e\000a\000n\000\040\000p\000r\000o\000p\000e\000r\000t\000y}{section.2}% 10
\BOOKMARK [2][-]{subsection.2.6}{\376\377\000C\000o\000m\000p\000u\000t\000a\000t\000i\000o\000n\000\040\000r\000u\000l\000e\000s\000\040\000f\000o\000r\000\040\000s\000u\000p\000r\000e\000m\000a}{section.2}% 11
\BOOKMARK [2][-]{subsection.2.7}{\376\377\000B\000e\000r\000n\000o\000u\000l\000l\000i\000'\000s\000\040\000i\000n\000e\000q\000u\000a\000l\000i\000t\000y}{section.2}% 12
\BOOKMARK [1][-]{section.3}{\376\377\000S\000e\000q\000u\000e\000n\000c\000e\000s}{}% 13
\BOOKMARK [2][-]{subsection.3.1}{\376\377\000S\000e\000q\000u\000e\000n\000c\000e}{section.3}% 14
\BOOKMARK [2][-]{subsection.3.2}{\376\377\000T\000e\000r\000m\000i\000n\000o\000l\000o\000g\000y\000\040\000a\000r\000o\000u\000n\000d\000\040\000s\000e\000q\000u\000e\000n\000c\000e\000s}{section.3}% 15
\BOOKMARK [2][-]{subsection.3.3}{\376\377\000C\000o\000n\000v\000e\000r\000g\000e\000n\000c\000e\000\040\000o\000f\000\040\000s\000e\000q\000u\000e\000n\000c\000e\000s}{section.3}% 16
\BOOKMARK [2][-]{subsection.3.4}{\376\377\000E\000x\000a\000m\000p\000l\000e\000s\000\040\000a\000n\000d\000\040\000l\000i\000m\000i\000t\000s\000\040\000o\000f\000\040\000s\000i\000m\000p\000l\000e\000\040\000s\000e\000q\000u\000e\000n\000c\000e\000s}{section.3}% 17
\BOOKMARK [2][-]{subsection.3.5}{\376\377\000U\000n\000i\000q\000u\000e\000n\000e\000s\000s\000\040\000o\000f\000\040\000l\000i\000m\000i\000t\000s}{section.3}% 18
\BOOKMARK [2][-]{subsection.3.6}{\376\377\000M\000o\000r\000e\000\040\000p\000r\000o\000p\000e\000r\000t\000i\000e\000s\000\040\000o\000f\000\040\000c\000o\000n\000v\000e\000r\000g\000e\000n\000t\000\040\000s\000e\000q\000u\000e\000n\000c\000e\000s}{section.3}% 19
\BOOKMARK [2][-]{subsection.3.7}{\376\377\000L\000i\000m\000i\000t\000\040\000t\000h\000e\000o\000r\000e\000m\000s\000\040\000f\000o\000r\000\040\000s\000e\000q\000u\000e\000n\000c\000e\000s\000\040\000t\000a\000k\000i\000n\000g\000\040\000v\000a\000l\000u\000e\000s\000\040\000i\000n\000\040\000a\000\040\000n\000o\000r\000m\000e\000d\000\040\000v\000e\000c\000t\000o\000r\000\040\000s\000p\000a\000c\000e}{section.3}% 20
\BOOKMARK [2][-]{subsection.3.8}{\376\377\000I\000n\000d\000e\000x\000\040\000s\000h\000i\000f\000t}{section.3}% 21
\BOOKMARK [1][-]{section.4}{\376\377\000R\000e\000a\000l\000-\000v\000a\000l\000u\000e\000d\000\040\000s\000e\000q\000u\000e\000n\000c\000e\000s}{}% 22
\BOOKMARK [2][-]{subsection.4.1}{\376\377\000T\000e\000r\000m\000i\000n\000o\000l\000o\000g\000y}{section.4}% 23
\BOOKMARK [2][-]{subsection.4.2}{\376\377\000M\000o\000n\000o\000t\000o\000n\000e\000,\000\040\000b\000o\000u\000n\000d\000e\000d\000\040\000s\000e\000q\000u\000e\000n\000c\000e\000s\000\040\000a\000n\000d\000\040\000c\000o\000n\000v\000e\000r\000g\000e\000n\000t}{section.4}% 24
\BOOKMARK [2][-]{subsection.4.3}{\376\377\000L\000i\000m\000i\000t\000\040\000t\000h\000e\000o\000r\000e\000m\000s}{section.4}% 25
\BOOKMARK [2][-]{subsection.4.4}{\376\377\000T\000h\000e\000\040\000s\000q\000u\000e\000e\000z\000e\000\040\000t\000h\000e\000o\000r\000e\000m}{section.4}% 26
\BOOKMARK [2][-]{subsection.4.5}{\376\377\000D\000i\000v\000e\000r\000g\000e\000n\000c\000e\000\040\000t\000o\000\040\000\040\000a\000n\000d\000\040\000-}{section.4}% 27
\BOOKMARK [2][-]{subsection.4.6}{\376\377\000L\000i\000m\000i\000t\000\040\000t\000h\000e\000o\000r\000e\000m\000s\000\040\000f\000o\000r\000\040\000i\000m\000p\000r\000o\000p\000e\000r\000\040\000l\000i\000m\000i\000t\000s}{section.4}% 28
\BOOKMARK [2][-]{subsection.4.7}{\376\377\000S\000t\000a\000n\000d\000a\000r\000d\000\040\000s\000e\000q\000u\000e\000n\000c\000e\000s}{section.4}% 29
\BOOKMARK [1][-]{section.5}{\376\377\000S\000e\000r\000i\000e\000s}{}% 30
\BOOKMARK [2][-]{subsection.5.1}{\376\377\000G\000e\000o\000m\000e\000t\000r\000i\000c\000\040\000s\000e\000r\000i\000e\000s}{section.5}% 31
\BOOKMARK [2][-]{subsection.5.2}{\376\377\000T\000h\000e\000\040\000h\000a\000r\000m\000o\000n\000i\000c\000\040\000s\000e\000r\000i\000e\000s}{section.5}% 32
\BOOKMARK [2][-]{subsection.5.3}{\376\377\000T\000h\000e\000\040\000h\000y\000p\000e\000r\000h\000a\000r\000m\000o\000n\000i\000c\000\040\000s\000e\000r\000i\000e\000s}{section.5}% 33
\BOOKMARK [2][-]{subsection.5.4}{\376\377\000O\000n\000l\000y\000\040\000t\000h\000e\000\040\000t\000a\000i\000l\000\040\000m\000a\000t\000t\000e\000r\000s\000\040\000f\000o\000r\000\040\000c\000o\000n\000v\000e\000r\000g\000e\000n\000c\000e}{section.5}% 34
\BOOKMARK [2][-]{subsection.5.5}{\376\377\000D\000i\000v\000e\000r\000g\000e\000n\000c\000e\000\040\000t\000e\000s\000t}{section.5}% 35
\BOOKMARK [2][-]{subsection.5.6}{\376\377\000L\000i\000m\000i\000t\000\040\000l\000a\000w\000s\000\040\000f\000o\000r\000\040\000s\000e\000r\000i\000e\000s}{section.5}% 36
\BOOKMARK [1][-]{section.6}{\376\377\000S\000e\000r\000i\000e\000s\000\040\000w\000i\000t\000h\000\040\000p\000o\000s\000i\000t\000i\000v\000e\000\040\000t\000e\000r\000m\000s}{}% 37
\BOOKMARK [2][-]{subsection.6.1}{\376\377\000C\000o\000m\000p\000a\000r\000i\000s\000o\000n\000\040\000t\000e\000s\000t}{section.6}% 38
\BOOKMARK [2][-]{subsection.6.2}{\376\377\000L\000i\000m\000i\000t\000\040\000c\000o\000m\000p\000a\000r\000i\000s\000o\000n\000\040\000t\000e\000s\000t}{section.6}% 39
\BOOKMARK [2][-]{subsection.6.3}{\376\377\000R\000a\000t\000i\000o\000\040\000t\000e\000s\000t}{section.6}% 40
\BOOKMARK [2][-]{subsection.6.4}{\376\377\000R\000o\000o\000t\000\040\000t\000e\000s\000t}{section.6}% 41
\BOOKMARK [1][-]{section.7}{\376\377\000S\000e\000r\000i\000e\000s\000\040\000w\000i\000t\000h\000\040\000g\000e\000n\000e\000r\000a\000l\000\040\000t\000e\000r\000m\000s}{}% 42
\BOOKMARK [2][-]{subsection.7.1}{\376\377\000S\000e\000r\000i\000e\000s\000\040\000w\000i\000t\000h\000\040\000r\000e\000a\000l\000\040\000t\000e\000r\000m\000s\000:\000\040\000t\000h\000e\000\040\000L\000e\000i\000b\000n\000i\000z\000\040\000t\000e\000s\000t}{section.7}% 43
\BOOKMARK [2][-]{subsection.7.2}{\376\377\000S\000e\000r\000i\000e\000s\000\040\000c\000h\000a\000r\000a\000c\000t\000e\000r\000s\000i\000z\000a\000t\000i\000o\000n\000\040\000o\000f\000\040\000c\000o\000m\000p\000l\000e\000t\000e\000n\000e\000s\000s\000\040\000i\000n\000\040\000n\000o\000r\000m\000e\000d\000\040\000v\000e\000c\000t\000o\000r\000\040\000s\000p\000a\000c\000e}{section.7}% 44
\BOOKMARK [2][-]{subsection.7.3}{\376\377\000T\000h\000e\000\040\000C\000a\000u\000c\000h\000y\000\040\000p\000r\000o\000d\000u\000c\000t}{section.7}% 45
\BOOKMARK [1][-]{section.8}{\376\377\000S\000u\000b\000s\000e\000q\000u\000e\000n\000c\000e\000s\000,\000\040\000\040\000a\000n\000d\000\040}{}% 46
\BOOKMARK [2][-]{subsection.8.1}{\376\377\000I\000n\000d\000e\000x\000\040\000s\000e\000q\000u\000e\000n\000c\000e\000s\000\040\000a\000n\000d\000\040\000s\000u\000b\000s\000e\000q\000u\000e\000n\000c\000e\000s}{section.8}% 47
\BOOKMARK [2][-]{subsection.8.2}{\376\377\000\050\000S\000e\000q\000u\000e\000n\000t\000i\000a\000l\000\051\000\040\000a\000c\000c\000u\000m\000u\000l\000a\000t\000i\000o\000n\000\040\000p\000o\000i\000n\000t\000s}{section.8}% 48
\BOOKMARK [2][-]{subsection.8.3}{\376\377\000S\000u\000b\000s\000e\000q\000u\000e\000n\000c\000e\000s\000\040\000o\000f\000\040\000a\000\040\000c\000o\000n\000v\000e\000r\000g\000i\000n\000g\000\040\000s\000e\000q\000u\000e\000n\000c\000e}{section.8}% 49
\BOOKMARK [2][-]{subsection.8.4}{}{section.8}% 50
\BOOKMARK [2][-]{subsection.8.5}{}{section.8}% 51
\BOOKMARK [2][-]{subsection.8.6}{\376\377\000R\000e\000l\000a\000t\000i\000o\000n\000s\000\040\000b\000e\000t\000w\000e\000e\000n\000\040\000,\000\040\000\040\000a\000n\000d\000\040}{section.8}% 52
\BOOKMARK [1][-]{section.9}{\376\377\000P\000o\000i\000n\000t\000-\000s\000e\000t\000\040\000t\000o\000p\000o\000l\000o\000g\000y\000\040\000o\000f\000\040\000m\000e\000t\000r\000i\000c\000\040\000s\000p\000a\000c\000e\000s}{}% 53
\BOOKMARK [2][-]{subsection.9.1}{\376\377\000O\000p\000e\000n\000\040\000s\000e\000t\000s}{section.9}% 54
\BOOKMARK [2][-]{subsection.9.2}{\376\377\000C\000l\000o\000s\000e\000d\000\040\000s\000e\000t\000s}{section.9}% 55
\BOOKMARK [2][-]{subsection.9.3}{\376\377\000C\000a\000u\000c\000h\000y\000\040\000s\000e\000q\000u\000e\000n\000c\000e\000s}{section.9}% 56
\BOOKMARK [2][-]{subsection.9.4}{\376\377\000C\000o\000m\000p\000l\000e\000t\000e\000n\000e\000s\000s}{section.9}% 57
\BOOKMARK [2][-]{subsection.9.5}{\376\377\000S\000e\000r\000i\000e\000s\000\040\000c\000h\000a\000r\000a\000c\000t\000e\000r\000i\000z\000a\000t\000i\000o\000n\000\040\000o\000f\000\040\000c\000o\000m\000p\000l\000e\000t\000e\000n\000e\000s\000s\000\040\000i\000n\000\040\000n\000o\000r\000m\000e\000d\000\040\000v\000e\000c\000t\000o\000r\000\040\000s\000p\000a\000c\000e\000s}{section.9}% 58
\BOOKMARK [1][-]{section.10}{\376\377\000C\000o\000m\000p\000a\000c\000t\000n\000e\000s\000s}{}% 59
\BOOKMARK [2][-]{subsection.10.1}{\376\377\000B\000o\000u\000n\000d\000e\000d\000n\000e\000s\000s\000\040\000a\000n\000d\000\040\000t\000o\000t\000a\000l\000\040\000b\000o\000u\000n\000d\000e\000d\000n\000e\000s\000s}{section.10}% 60
\BOOKMARK [2][-]{subsection.10.2}{\376\377\000A\000l\000t\000e\000r\000n\000a\000t\000i\000v\000e\000\040\000c\000h\000a\000r\000a\000c\000t\000e\000r\000i\000z\000a\000t\000i\000o\000n\000\040\000o\000f\000\040\000c\000o\000m\000p\000a\000c\000t\000n\000e\000s\000s}{section.10}% 61
\BOOKMARK [1][-]{section.11}{\376\377\000L\000i\000m\000i\000t\000s\000\040\000a\000n\000d\000\040\000c\000o\000n\000t\000i\000n\000u\000i\000t\000y}{}% 62
\BOOKMARK [2][-]{subsection.11.1}{\376\377\000A\000c\000c\000u\000m\000u\000l\000a\000t\000i\000o\000n\000\040\000p\000o\000i\000n\000t\000s}{section.11}% 63
\BOOKMARK [2][-]{subsection.11.2}{\376\377\000L\000i\000m\000i\000t\000\040\000i\000n\000\040\000a\000n\000\040\000a\000c\000c\000u\000m\000u\000l\000a\000t\000i\000o\000n\000\040\000p\000o\000i\000n\000t}{section.11}% 64
\BOOKMARK [2][-]{subsection.11.3}{\376\377\000U\000n\000i\000q\000u\000e\000n\000e\000s\000s\000\040\000o\000f\000\040\000l\000i\000m\000i\000t\000s}{section.11}% 65
\BOOKMARK [2][-]{subsection.11.4}{\376\377\000S\000e\000q\000u\000e\000n\000t\000i\000a\000l\000\040\000c\000h\000a\000r\000a\000c\000t\000e\000r\000i\000z\000a\000t\000i\000o\000n\000\040\000o\000f\000\040\000l\000i\000m\000i\000t\000s}{section.11}% 66
\BOOKMARK [2][-]{subsection.11.5}{\376\377\000L\000i\000m\000i\000t\000\040\000l\000a\000w\000s}{section.11}% 67
\BOOKMARK [2][-]{subsection.11.6}{\376\377\000C\000o\000n\000t\000i\000n\000u\000i\000t\000y}{section.11}% 68
\BOOKMARK [2][-]{subsection.11.7}{\376\377\000S\000e\000q\000u\000e\000n\000t\000i\000a\000l\000\040\000c\000h\000a\000r\000a\000c\000t\000e\000r\000i\000z\000a\000t\000i\000o\000n\000\040\000o\000f\000\040\000c\000o\000n\000t\000i\000n\000u\000i\000t\000y}{section.11}% 69
\BOOKMARK [2][-]{subsection.11.8}{\376\377\000R\000u\000l\000e\000s\000\040\000f\000o\000r\000\040\000c\000o\000n\000t\000i\000n\000u\000o\000u\000s\000\040\000f\000u\000n\000c\000t\000i\000o\000n\000s}{section.11}% 70
\BOOKMARK [2][-]{subsection.11.9}{\376\377\000I\000m\000a\000g\000e\000s\000\040\000o\000f\000\040\000c\000o\000m\000p\000a\000c\000t\000\040\000s\000e\000t\000s\000\040\000u\000n\000d\000e\000r\000\040\000c\000o\000n\000t\000i\000n\000u\000o\000u\000s\000\040\000f\000u\000n\000c\000t\000i\000o\000n\000s\000\040\000a\000r\000e\000\040\000c\000o\000m\000p\000a\000c\000t}{section.11}% 71
\BOOKMARK [2][-]{subsection.11.10}{\376\377\000U\000n\000i\000f\000o\000r\000m\000\040\000c\000o\000n\000t\000i\000n\000u\000i\000t\000y}{section.11}% 72
\BOOKMARK [1][-]{section.12}{\376\377\000R\000e\000a\000l\000-\000v\000a\000l\000u\000e\000d\000\040\000f\000u\000n\000c\000t\000i\000o\000n\000s}{}% 73
\BOOKMARK [2][-]{subsection.12.1}{\376\377\000M\000o\000r\000e\000\040\000l\000i\000m\000i\000t\000\040\000l\000a\000w\000s}{section.12}% 74
\BOOKMARK [2][-]{subsection.12.2}{\376\377\000B\000u\000i\000l\000d\000i\000n\000g\000\040\000o\000f\000\040\000s\000t\000a\000n\000d\000a\000r\000d\000\040\000f\000u\000n\000c\000t\000i\000o\000n\000s}{section.12}% 75
\BOOKMARK [2][-]{subsection.12.3}{\376\377\000C\000o\000n\000t\000i\000n\000u\000i\000t\000y\000\040\000o\000f\000\040\000s\000t\000a\000n\000d\000a\000r\000d\000\040\000f\000u\000n\000c\000t\000i\000o\000n\000s}{section.12}% 76
\BOOKMARK [2][-]{subsection.12.4}{\376\377\000L\000i\000m\000i\000t\000s\000\040\000f\000r\000o\000m\000\040\000t\000h\000e\000\040\000l\000e\000f\000t\000\040\000a\000n\000d\000\040\000f\000r\000o\000m\000\040\000t\000h\000e\000\040\000r\000i\000g\000h\000t}{section.12}% 77
\BOOKMARK [2][-]{subsection.12.5}{\376\377\000T\000h\000e\000\040\000e\000x\000t\000e\000n\000d\000e\000d\000\040\000r\000e\000a\000l\000\040\000l\000i\000n\000e}{section.12}% 78
\BOOKMARK [2][-]{subsection.12.6}{\376\377\000L\000i\000m\000i\000t\000s\000\040\000t\000o\000\040\000\040\000o\000r\000\040\000-}{section.12}% 79
\BOOKMARK [2][-]{subsection.12.7}{\376\377\000L\000i\000m\000i\000t\000s\000\040\000a\000t\000\040\000\040\000a\000n\000d\000\040\000-}{section.12}% 80
\BOOKMARK [2][-]{subsection.12.8}{\376\377\000T\000h\000e\000\040\000I\000n\000t\000e\000r\000m\000e\000d\000i\000a\000t\000e\000\040\000V\000a\000l\000u\000e\000\040\000T\000h\000e\000o\000r\000e\000m}{section.12}% 81
\BOOKMARK [2][-]{subsection.12.9}{\376\377\000T\000h\000e\000\040\000E\000x\000t\000r\000e\000m\000e\000\040\000V\000a\000l\000u\000e\000\040\000T\000h\000e\000o\000r\000e\000m}{section.12}% 82
\BOOKMARK [2][-]{subsection.12.10}{\376\377\000E\000q\000u\000i\000v\000a\000l\000e\000n\000c\000e\000\040\000o\000f\000\040\000n\000o\000r\000m\000s}{section.12}% 83
\BOOKMARK [2][-]{subsection.12.11}{\376\377\000B\000o\000u\000n\000d\000e\000d\000\040\000l\000i\000n\000e\000a\000r\000\040\000m\000a\000p\000s\000\040\000a\000n\000d\000\040\000o\000p\000e\000r\000a\000t\000o\000r\000\040\000n\000o\000r\000m\000s}{section.12}% 84
\BOOKMARK [1][-]{section.13}{\376\377\000D\000i\000f\000f\000e\000r\000e\000n\000t\000i\000a\000b\000i\000l\000i\000t\000y}{}% 85
\BOOKMARK [2][-]{subsection.13.1}{\376\377\000T\000h\000e\000\040\000d\000e\000r\000i\000v\000a\000t\000i\000v\000e\000\040\000a\000s\000\040\000a\000\040\000f\000u\000n\000c\000t\000i\000o\000n}{section.13}% 86
\BOOKMARK [2][-]{subsection.13.2}{\376\377\000C\000o\000n\000s\000t\000a\000n\000t\000\040\000a\000n\000d\000\040\000l\000i\000n\000e\000a\000r\000\040\000m\000a\000p\000s\000\040\000a\000r\000e\000\040\000d\000i\000f\000f\000e\000r\000e\000n\000t\000i\000a\000b\000l\000e}{section.13}% 87
\BOOKMARK [2][-]{subsection.13.3}{\376\377\000B\000a\000s\000e\000s\000\040\000a\000n\000d\000\040\000c\000o\000o\000r\000d\000i\000n\000a\000t\000e\000s}{section.13}% 88
\BOOKMARK [2][-]{subsection.13.4}{\376\377\000T\000h\000e\000\040\000m\000a\000t\000r\000i\000x\000\040\000r\000e\000p\000r\000e\000s\000e\000n\000t\000a\000t\000i\000o\000n}{section.13}% 89
\BOOKMARK [2][-]{subsection.13.5}{\376\377\000T\000h\000e\000\040\000c\000h\000a\000i\000n\000\040\000r\000u\000l\000e}{section.13}% 90
\BOOKMARK [2][-]{subsection.13.6}{\376\377\000S\000u\000m\000,\000\040\000p\000r\000o\000d\000u\000c\000t\000\040\000a\000n\000d\000\040\000q\000u\000o\000t\000i\000e\000n\000t\000\040\000r\000u\000l\000e\000s}{section.13}% 91
\BOOKMARK [2][-]{subsection.13.7}{\376\377\000D\000i\000f\000f\000e\000r\000e\000n\000t\000i\000a\000b\000i\000l\000i\000t\000y\000\040\000o\000f\000\040\000c\000o\000m\000p\000o\000n\000e\000n\000t\000s}{section.13}% 92
\BOOKMARK [2][-]{subsection.13.8}{\376\377\000D\000i\000f\000f\000e\000r\000e\000n\000t\000i\000a\000b\000i\000l\000i\000t\000y\000\040\000i\000m\000p\000l\000i\000e\000s\000\040\000c\000o\000n\000t\000i\000n\000u\000i\000t\000y}{section.13}% 93
\BOOKMARK [2][-]{subsection.13.9}{\376\377\000D\000e\000r\000i\000v\000a\000t\000i\000v\000e\000\040\000v\000a\000n\000i\000s\000h\000e\000s\000\040\000i\000n\000\040\000l\000o\000c\000a\000l\000\040\000m\000a\000x\000i\000m\000a\000\040\000a\000n\000d\000\040\000m\000i\000n\000i\000m\000a}{section.13}% 94
\BOOKMARK [2][-]{subsection.13.10}{\376\377\000T\000h\000e\000\040\000M\000e\000a\000n\000\040\000V\000a\000l\000u\000e\000\040\000T\000h\000e\000o\000r\000e\000m}{section.13}% 95
\BOOKMARK [1][-]{section.14}{\376\377\000D\000i\000f\000f\000e\000r\000e\000n\000t\000i\000a\000b\000i\000l\000i\000t\000y\000\040\000o\000f\000\040\000s\000t\000a\000n\000d\000a\000r\000d\000\040\000f\000u\000n\000c\000t\000i\000o\000n\000s}{}% 96
\BOOKMARK [2][-]{subsection.14.1}{\376\377\000G\000l\000o\000b\000a\000l\000\040\000c\000o\000n\000t\000e\000x\000t}{section.14}% 97
\BOOKMARK [2][-]{subsection.14.2}{\376\377\000P\000o\000l\000y\000n\000o\000m\000i\000a\000l\000s\000\040\000a\000n\000d\000\040\000r\000a\000t\000i\000o\000n\000a\000l\000\040\000f\000u\000n\000c\000t\000i\000o\000n\000s\000\040\000a\000r\000e\000\040\000d\000i\000f\000f\000e\000r\000e\000n\000t\000i\000a\000b\000l\000e}{section.14}% 98
\BOOKMARK [2][-]{subsection.14.3}{\376\377\000D\000i\000f\000f\000e\000r\000e\000n\000t\000i\000a\000b\000i\000l\000i\000t\000y\000\040\000o\000f\000\040\000t\000h\000e\000\040\000s\000t\000a\000n\000d\000a\000r\000d\000\040\000f\000u\000n\000c\000t\000i\000o\000n\000s}{section.14}% 99
\BOOKMARK [1][-]{section.15}{\376\377\000D\000i\000r\000e\000c\000t\000i\000o\000n\000a\000l\000\040\000a\000n\000d\000\040\000p\000a\000r\000t\000i\000a\000l\000\040\000d\000e\000r\000i\000v\000a\000t\000i\000v\000e\000s}{}% 100
\BOOKMARK [2][-]{subsection.15.1}{\376\377\000A\000\040\000r\000e\000c\000u\000r\000r\000i\000n\000g\000\040\000a\000n\000d\000\040\000v\000e\000r\000y\000\040\000i\000m\000p\000o\000r\000t\000a\000n\000t\000\040\000c\000o\000n\000s\000t\000r\000u\000c\000t\000i\000o\000n}{section.15}% 101
\BOOKMARK [2][-]{subsection.15.2}{\376\377\000D\000i\000r\000e\000c\000t\000i\000o\000n\000a\000l\000\040\000d\000e\000r\000i\000v\000a\000t\000i\000v\000e\000s}{section.15}% 102
\BOOKMARK [2][-]{subsection.15.3}{\376\377\000P\000a\000r\000t\000i\000a\000l\000\040\000d\000e\000r\000i\000v\000a\000t\000i\000v\000e\000s}{section.15}% 103
\BOOKMARK [2][-]{subsection.15.4}{\376\377\000T\000h\000e\000\040\000J\000a\000c\000o\000b\000i\000a\000n\000\040\000o\000f\000\040\000a\000\040\000m\000a\000p}{section.15}% 104
\BOOKMARK [2][-]{subsection.15.5}{\376\377\000L\000i\000n\000e\000a\000r\000i\000z\000a\000t\000i\000o\000n\000\040\000a\000n\000d\000\040\000t\000a\000n\000g\000e\000n\000t\000\040\000p\000l\000a\000n\000e\000s}{section.15}% 105
\BOOKMARK [2][-]{subsection.15.6}{\376\377\000T\000h\000e\000\040\000g\000r\000a\000d\000i\000e\000n\000t\000\040\000o\000f\000\040\000a\000\040\000f\000u\000n\000c\000t\000i\000o\000n}{section.15}% 106
\BOOKMARK [1][-]{section.16}{\376\377\000T\000h\000e\000\040\000M\000e\000a\000n\000-\000V\000a\000l\000u\000e\000\040\000I\000n\000e\000q\000u\000a\000l\000i\000t\000y}{}% 107
\BOOKMARK [2][-]{subsection.16.1}{\376\377\000T\000h\000e\000\040\000m\000e\000a\000n\000-\000v\000a\000l\000u\000e\000\040\000i\000n\000e\000q\000u\000a\000l\000i\000t\000y\000\040\000f\000o\000r\000\040\000f\000u\000n\000c\000t\000i\000o\000n\000s\000\040\000d\000e\000f\000i\000n\000e\000d\000\040\000o\000n\000\040\000a\000n\000\040\000i\000n\000t\000e\000r\000v\000a\000l}{section.16}% 108
\BOOKMARK [2][-]{subsection.16.2}{\376\377\000T\000h\000e\000\040\000m\000e\000a\000n\000-\000v\000a\000l\000u\000e\000\040\000i\000n\000e\000q\000u\000a\000l\000i\000t\000y\000\040\000f\000o\000r\000\040\000f\000u\000n\000c\000t\000i\000o\000n\000s\000\040\000o\000n\000\040\000g\000e\000n\000e\000r\000a\000l\000\040\000d\000o\000m\000a\000i\000n\000s}{section.16}% 109
\BOOKMARK [2][-]{subsection.16.3}{\376\377\000C\000o\000n\000t\000i\000n\000u\000o\000u\000s\000\040\000p\000a\000r\000t\000i\000a\000l\000\040\000d\000e\000r\000i\000v\000a\000t\000i\000v\000e\000s\000\040\000i\000m\000p\000l\000y\000\040\000d\000i\000f\000f\000e\000r\000e\000n\000t\000i\000a\000b\000i\000l\000i\000t\000y}{section.16}% 110
\BOOKMARK [1][-]{section.17}{\376\377\000H\000i\000g\000h\000e\000r\000\040\000o\000r\000d\000e\000r\000\040\000d\000e\000r\000i\000v\000a\000t\000i\000v\000e\000s}{}% 111
\BOOKMARK [2][-]{subsection.17.1}{\376\377\000M\000u\000l\000t\000i\000l\000i\000n\000e\000a\000r\000\040\000m\000a\000p\000s}{section.17}% 112
\BOOKMARK [2][-]{subsection.17.2}{\376\377\000R\000e\000l\000a\000t\000i\000o\000n\000\040\000t\000o\000\040\000n\000-\000f\000o\000l\000d\000\040\000d\000i\000r\000e\000c\000t\000i\000o\000n\000a\000l\000\040\000d\000e\000r\000i\000v\000a\000t\000i\000v\000e\000s}{section.17}% 113
\BOOKMARK [2][-]{subsection.17.3}{\376\377\000A\000\040\000c\000r\000i\000t\000e\000r\000i\000o\000n\000\040\000f\000o\000r\000\040\000h\000i\000g\000h\000e\000r\000\040\000d\000i\000f\000f\000e\000r\000e\000n\000t\000i\000a\000b\000i\000l\000i\000t\000y}{section.17}% 114
\BOOKMARK [2][-]{subsection.17.4}{\376\377\000S\000y\000m\000m\000e\000t\000r\000y\000\040\000o\000f\000\040\000s\000e\000c\000o\000n\000d\000\040\000o\000r\000d\000e\000r\000\040\000d\000e\000r\000i\000v\000a\000t\000i\000v\000e\000s}{section.17}% 115
\BOOKMARK [2][-]{subsection.17.5}{\376\377\000S\000y\000m\000m\000e\000t\000r\000y\000\040\000o\000f\000\040\000h\000i\000g\000h\000e\000r\000-\000o\000r\000d\000e\000r\000\040\000d\000e\000r\000i\000v\000a\000t\000i\000v\000e\000s}{section.17}% 116
\BOOKMARK [1][-]{section.18}{\376\377\000P\000o\000l\000y\000n\000o\000m\000i\000a\000l\000s\000\040\000a\000n\000d\000\040\000a\000p\000p\000r\000o\000x\000i\000m\000a\000t\000i\000o\000n\000\040\000b\000y\000\040\000p\000o\000l\000y\000n\000o\000m\000i\000a\000l\000s}{}% 117
\BOOKMARK [2][-]{subsection.18.1}{\376\377\000H\000o\000m\000o\000g\000e\000n\000e\000o\000u\000s\000\040\000p\000o\000l\000y\000n\000o\000m\000i\000a\000l\000s}{section.18}% 118
\BOOKMARK [2][-]{subsection.18.2}{\376\377\000T\000a\000y\000l\000o\000r\000'\000s\000\040\000t\000h\000e\000o\000r\000e\000m}{section.18}% 119
\BOOKMARK [2][-]{subsection.18.3}{\376\377\000T\000a\000y\000l\000o\000r\000\040\000a\000p\000p\000r\000o\000x\000i\000m\000a\000t\000i\000o\000n\000s\000\040\000o\000f\000\040\000s\000t\000a\000n\000d\000a\000r\000d\000\040\000f\000u\000n\000c\000t\000i\000o\000n\000s}{section.18}% 120
\BOOKMARK [1][-]{section.19}{\376\377\000B\000a\000n\000a\000c\000h\000\040\000f\000i\000x\000e\000d\000\040\000p\000o\000i\000n\000t\000\040\000t\000h\000e\000o\000r\000e\000m}{}% 121
\BOOKMARK [1][-]{section.20}{\376\377\000I\000m\000p\000l\000i\000c\000i\000t\000\040\000f\000u\000n\000c\000t\000i\000o\000n\000\040\000t\000h\000e\000o\000r\000e\000m}{}% 122
\BOOKMARK [2][-]{subsection.20.1}{\376\377\000T\000h\000e\000\040\000o\000b\000j\000e\000c\000t\000i\000v\000e}{section.20}% 123
\BOOKMARK [2][-]{subsection.20.2}{\376\377\000N\000o\000t\000a\000t\000i\000o\000n}{section.20}% 124
\BOOKMARK [2][-]{subsection.20.3}{\376\377\000T\000h\000e\000\040\000i\000m\000p\000l\000i\000c\000i\000t\000\040\000f\000u\000n\000c\000t\000i\000o\000n\000\040\000t\000h\000e\000o\000r\000e\000m}{section.20}% 125
\BOOKMARK [2][-]{subsection.20.4}{\376\377\000T\000h\000e\000\040\000i\000n\000v\000e\000r\000s\000e\000\040\000f\000u\000n\000c\000t\000i\000o\000n\000\040\000t\000h\000e\000o\000r\000e\000m}{section.20}% 126
\BOOKMARK [1][-]{section.21}{\376\377\000F\000u\000n\000c\000t\000i\000o\000n\000\040\000s\000e\000q\000u\000e\000n\000c\000e\000s}{}% 127
\BOOKMARK [2][-]{subsection.21.1}{\376\377\000P\000o\000i\000n\000t\000-\000w\000i\000s\000e\000\040\000c\000o\000n\000v\000e\000r\000g\000e\000n\000c\000e}{section.21}% 128
\BOOKMARK [2][-]{subsection.21.2}{\376\377\000U\000n\000i\000f\000o\000r\000m\000\040\000c\000o\000n\000v\000e\000r\000g\000e\000n\000c\000e}{section.21}% 129
\BOOKMARK [2][-]{subsection.21.3}{\376\377\000P\000r\000e\000s\000e\000r\000v\000a\000t\000i\000o\000n\000\040\000o\000f\000\040\000c\000o\000n\000t\000i\000n\000u\000i\000t\000y\000\040\000u\000n\000d\000e\000r\000\040\000u\000n\000i\000f\000o\000r\000m\000\040\000c\000o\000n\000v\000e\000r\000g\000e\000n\000c\000e}{section.21}% 130
\BOOKMARK [2][-]{subsection.21.4}{\376\377\000D\000i\000f\000f\000e\000r\000e\000n\000t\000i\000a\000b\000i\000l\000i\000t\000y\000\040\000t\000h\000e\000o\000r\000e\000m}{section.21}% 131
\BOOKMARK [2][-]{subsection.21.5}{\376\377\000T\000h\000e\000\040\000n\000o\000r\000m\000e\000d\000\040\000v\000e\000c\000t\000o\000r\000\040\000s\000p\000a\000c\000e\000\040\000o\000f\000\040\000b\000o\000u\000n\000d\000e\000d\000\040\000f\000u\000n\000c\000t\000i\000o\000n\000s}{section.21}% 132
\BOOKMARK [1][-]{section.22}{\376\377\000F\000u\000n\000c\000t\000i\000o\000n\000\040\000s\000e\000r\000i\000e\000s}{}% 133
\BOOKMARK [2][-]{subsection.22.1}{\376\377\000T\000h\000e\000\040\000W\000e\000i\000e\000r\000s\000t\000r\000a\000s\000s\000\040\000M\000-\000t\000e\000s\000t}{section.22}% 134
\BOOKMARK [2][-]{subsection.22.2}{\376\377\000C\000o\000n\000d\000i\000t\000i\000o\000n\000s\000\040\000f\000o\000r\000\040\000d\000i\000f\000f\000e\000r\000e\000n\000t\000i\000a\000t\000i\000o\000n\000\040\000o\000f\000\040\000f\000u\000n\000c\000t\000i\000o\000n\000\040\000s\000e\000r\000i\000e\000s}{section.22}% 135
\BOOKMARK [1][-]{section.23}{\376\377\000P\000o\000w\000e\000r\000\040\000s\000e\000r\000i\000e\000s}{}% 136
\BOOKMARK [2][-]{subsection.23.1}{\376\377\000C\000o\000n\000v\000e\000r\000g\000e\000n\000c\000e\000\040\000o\000f\000\040\000p\000o\000w\000e\000r\000\040\000s\000e\000r\000i\000e\000s}{section.23}% 137
\BOOKMARK [2][-]{subsection.23.2}{\376\377\000S\000t\000a\000n\000d\000a\000r\000d\000\040\000f\000u\000n\000c\000t\000i\000o\000n\000s\000\040\000d\000e\000f\000i\000n\000e\000d\000\040\000a\000s\000\040\000p\000o\000w\000e\000r\000\040\000s\000e\000r\000i\000e\000s}{section.23}% 138
\BOOKMARK [2][-]{subsection.23.3}{\376\377\000O\000p\000e\000r\000a\000t\000i\000o\000n\000s\000\040\000w\000i\000t\000h\000\040\000p\000o\000w\000e\000r\000\040\000s\000e\000r\000i\000e\000s}{section.23}% 139
\BOOKMARK [2][-]{subsection.23.4}{\376\377\000D\000i\000f\000f\000e\000r\000e\000n\000t\000i\000a\000t\000i\000o\000n\000\040\000o\000f\000\040\000p\000o\000w\000e\000r\000\040\000s\000e\000r\000i\000e\000s}{section.23}% 140
\BOOKMARK [2][-]{subsection.23.5}{\376\377\000T\000a\000y\000l\000o\000r\000\040\000s\000e\000r\000i\000e\000s}{section.23}% 141
\BOOKMARK [1][-]{section.24}{\376\377\000R\000i\000e\000m\000a\000n\000n\000\040\000i\000n\000t\000e\000g\000r\000a\000t\000i\000o\000n\000\040\000i\000n\000\040\000o\000n\000e\000\040\000d\000i\000m\000e\000n\000s\000i\000o\000n}{}% 142
\BOOKMARK [2][-]{subsection.24.1}{\376\377\000R\000i\000e\000m\000a\000n\000n\000\040\000i\000n\000t\000e\000g\000r\000a\000b\000l\000e\000\040\000f\000u\000n\000c\000t\000i\000o\000n\000s\000\040\000a\000n\000d\000\040\000t\000h\000e\000\040\000R\000i\000e\000m\000a\000n\000n\000\040\000i\000n\000t\000e\000g\000r\000a\000l}{section.24}% 143
\BOOKMARK [2][-]{subsection.24.2}{\376\377\000S\000u\000m\000s\000,\000\040\000p\000r\000o\000d\000u\000c\000t\000s\000\040\000o\000f\000\040\000R\000i\000e\000m\000a\000n\000n\000\040\000i\000n\000t\000e\000g\000r\000a\000b\000l\000e\000\040\000f\000u\000n\000c\000t\000i\000o\000n\000s}{section.24}% 144
\BOOKMARK [2][-]{subsection.24.3}{\376\377\000C\000o\000n\000t\000i\000n\000u\000o\000u\000s\000\040\000f\000u\000n\000c\000t\000i\000o\000n\000s\000\040\000a\000r\000e\000\040\000R\000i\000e\000m\000a\000n\000n\000\040\000i\000n\000t\000e\000g\000r\000a\000b\000l\000e}{section.24}% 145
\BOOKMARK [2][-]{subsection.24.4}{\376\377\000T\000h\000e\000\040\000f\000u\000n\000d\000a\000m\000e\000n\000t\000a\000l\000\040\000t\000h\000e\000o\000r\000e\000m\000\040\000o\000f\000\040\000c\000a\000l\000c\000u\000l\000u\000s}{section.24}% 146
\BOOKMARK [1][-]{section.25}{\376\377\000R\000i\000e\000m\000a\000n\000n\000\040\000i\000n\000t\000e\000g\000r\000a\000t\000i\000o\000n\000\040\000i\000n\000\040\000m\000u\000l\000t\000i\000p\000l\000e\000\040\000d\000i\000m\000e\000n\000s\000i\000o\000n\000s}{}% 147
\BOOKMARK [2][-]{subsection.25.1}{\376\377\000P\000a\000r\000t\000i\000t\000i\000o\000n\000s\000\040\000i\000n\000\040\000m\000u\000l\000t\000i\000p\000l\000e\000\040\000d\000i\000m\000e\000n\000s\000i\000o\000n\000s}{section.25}% 148
\BOOKMARK [2][-]{subsection.25.2}{\376\377\000R\000i\000e\000m\000a\000n\000n\000\040\000i\000n\000t\000e\000g\000r\000a\000l\000\040\000o\000n\000\040\000r\000e\000c\000t\000a\000n\000g\000l\000e\000s\000\040\000i\000n\000\040\000R\000n}{section.25}% 149
\BOOKMARK [2][-]{subsection.25.3}{\376\377\000P\000r\000o\000p\000e\000r\000t\000i\000e\000s\000\040\000o\000f\000\040\000t\000h\000e\000\040\000m\000u\000l\000t\000i\000d\000i\000m\000e\000n\000s\000i\000o\000n\000a\000l\000\040\000R\000i\000e\000m\000a\000n\000n\000\040\000i\000n\000t\000e\000g\000r\000a\000l}{section.25}% 150
\BOOKMARK [2][-]{subsection.25.4}{\376\377\000C\000o\000n\000t\000i\000n\000u\000o\000u\000s\000\040\000f\000u\000n\000c\000t\000i\000o\000n\000s\000\040\000a\000r\000e\000\040\000R\000i\000e\000m\000a\000n\000n\000\040\000i\000n\000t\000e\000g\000r\000a\000b\000l\000e}{section.25}% 151
\BOOKMARK [2][-]{subsection.25.5}{\376\377\000F\000u\000b\000i\000n\000i\000'\000s\000\040\000t\000h\000e\000o\000r\000e\000m}{section.25}% 152
\BOOKMARK [2][-]{subsection.25.6}{\376\377\000T\000h\000e\000\040\000\050\000t\000o\000p\000o\000l\000o\000g\000i\000c\000a\000l\000\051\000\040\000b\000o\000u\000n\000d\000a\000r\000y\000\040\000o\000f\000\040\000a\000\040\000s\000e\000t}{section.25}% 153
\BOOKMARK [2][-]{subsection.25.7}{\376\377\000J\000o\000r\000d\000a\000n\000\040\000c\000o\000n\000t\000e\000n\000t}{section.25}% 154
\BOOKMARK [2][-]{subsection.25.8}{\376\377\000I\000n\000t\000e\000g\000r\000a\000t\000i\000o\000n\000\040\000o\000v\000e\000r\000\040\000g\000e\000n\000e\000r\000a\000l\000\040\000d\000o\000m\000a\000i\000n\000s}{section.25}% 155
\BOOKMARK [2][-]{subsection.25.9}{\376\377\000T\000h\000e\000\040\000v\000o\000l\000u\000m\000e\000\040\000o\000f\000\040\000b\000o\000u\000n\000d\000e\000d\000\040\000s\000e\000t\000s}{section.25}% 156
\BOOKMARK [1][-]{section.26}{\376\377\000C\000h\000a\000n\000g\000e\000-\000o\000f\000-\000v\000a\000r\000i\000a\000b\000l\000e\000s\000\040\000T\000h\000e\000o\000r\000e\000m}{}% 157
\BOOKMARK [2][-]{subsection.26.1}{\376\377\000P\000o\000l\000a\000r\000\040\000c\000o\000o\000r\000d\000i\000n\000a\000t\000e\000s}{section.26}% 158
\BOOKMARK [2][-]{subsection.26.2}{\376\377\000C\000y\000l\000i\000n\000d\000r\000i\000c\000a\000l\000\040\000c\000o\000o\000r\000d\000i\000n\000a\000t\000e\000s}{section.26}% 159
\BOOKMARK [2][-]{subsection.26.3}{\376\377\000S\000p\000h\000e\000r\000i\000c\000a\000l\000\040\000c\000o\000o\000r\000d\000i\000n\000a\000t\000e\000s}{section.26}% 160
